"../../../LightsOut/Content/AnimStarterPack/UE4_Mannequin/Mesh/UE4_Mannequin_Skeleton.uasset" 0
"../../../LightsOut/Content/AnimStarterPack/Aim_Space_Hip.uasset" 1
"../../../LightsOut/Content/AnimStarterPack/Aim_Space_Ironsights.uasset" 2
"../../../LightsOut/Content/AnimStarterPack/Crouch_to_Stand_Rifle_Hip.uasset" 3
"../../../LightsOut/Content/AnimStarterPack/Crouch_to_Stand_Rifle_Ironsights.uasset" 4
"../../../LightsOut/Content/AnimStarterPack/Crouch_Walk_Bwd_Rifle_Ironsights.uasset" 5
"../../../LightsOut/Content/AnimStarterPack/Crouch_Walk_Lt_Rifle_Ironsights.uasset" 6
"../../../LightsOut/Content/AnimStarterPack/Crouch_Walk_Rt_Rifle_Ironsights.uasset" 7
"../../../LightsOut/Content/AnimStarterPack/Death_2.uasset" 8
"../../../LightsOut/Content/AnimStarterPack/Death_3.uasset" 9
"../../../LightsOut/Content/AnimStarterPack/Death_Ironsights_1.uasset" 10
"../../../LightsOut/Content/AnimStarterPack/Death_Ironsights_2.uasset" 11
"../../../LightsOut/Content/AnimStarterPack/Equip_Rifle_Standing.uasset" 12
"../../../LightsOut/Content/AnimStarterPack/Fire_Rifle_Hip.uasset" 13
"../../../LightsOut/Content/AnimStarterPack/Fire_Shotgun_Hip.uasset" 14
"../../../LightsOut/Content/AnimStarterPack/Fire_Shotgun_Ironsights.uasset" 15
"../../../LightsOut/Content/AnimStarterPack/Hit_React_4.uasset" 16
"../../../LightsOut/Content/AnimStarterPack/Idle_Pistol.uasset" 17
"../../../LightsOut/Content/AnimStarterPack/Idle_Rifle_Ironsights.uasset" 18
"../../../LightsOut/Content/AnimStarterPack/Jump_From_Stand_Ironsights.uasset" 19
"../../../LightsOut/Content/AnimStarterPack/Prone_Death_1.uasset" 20
"../../../LightsOut/Content/AnimStarterPack/Prone_Death_2.uasset" 21
"../../../LightsOut/Content/AnimStarterPack/Prone_Fire_1.uasset" 22
"../../../LightsOut/Content/AnimStarterPack/Prone_Fire_2.uasset" 23
"../../../LightsOut/Content/AnimStarterPack/Prone_Idle.uasset" 24
"../../../LightsOut/Content/AnimStarterPack/Prone_Reload_Rifle.uasset" 25
"../../../LightsOut/Content/AnimStarterPack/Prone_Reload_Shotgun.uasset" 26
"../../../LightsOut/Content/AnimStarterPack/Prone_To_Stand.uasset" 27
"../../../LightsOut/Content/AnimStarterPack/Reload_Pistol.uasset" 28
"../../../LightsOut/Content/AnimStarterPack/Reload_Rifle_Ironsights.uasset" 29
"../../../LightsOut/Content/AnimStarterPack/Reload_Shotgun_Hip.uasset" 30
"../../../LightsOut/Content/AnimStarterPack/Reload_Shotgun_Ironsights.uasset" 31
"../../../LightsOut/Content/AnimStarterPack/Sprint_Fwd_Rifle.uasset" 32
"../../../LightsOut/Content/AnimStarterPack/Stand_to_Crouch_Rifle_Hip.uasset" 33
"../../../LightsOut/Content/AnimStarterPack/Stand_to_Crouch_Rifle_Ironsights.uasset" 34
"../../../LightsOut/Content/AnimStarterPack/Stand_To_Prone.uasset" 35
"../../../LightsOut/Content/AnimStarterPack/Crouch_Idle_Rifle_Hip.uasset" 36
"../../../LightsOut/Content/AnimStarterPack/Death_1.uasset" 37
"../../../LightsOut/Content/AnimStarterPack/Idle_Rifle_Hip.uasset" 38
"../../../LightsOut/Content/AnimStarterPack/Jump_From_Jog.uasset" 39
"../../../LightsOut/Content/AnimStarterPack/Jump_From_Stand.uasset" 40
"../../../LightsOut/Content/AnimStarterPack/Crouch_Walk_Bwd_Rifle_Hip.uasset" 41
"../../../LightsOut/Content/AnimStarterPack/Crouch_Walk_Fwd_Rifle_Hip.uasset" 42
"../../../LightsOut/Content/AnimStarterPack/Crouch_Walk_Lt_Rifle_Hip.uasset" 43
"../../../LightsOut/Content/AnimStarterPack/Crouch_Walk_Rt_Rifle_Hip.uasset" 44
"../../../LightsOut/Content/AnimStarterPack/BS_CrouchWalk.uasset" 45
"../../../LightsOut/Content/AnimStarterPack/Jog_Bwd_Rifle.uasset" 46
"../../../LightsOut/Content/AnimStarterPack/Jog_Fwd_Rifle.uasset" 47
"../../../LightsOut/Content/AnimStarterPack/Jog_Lt_Rifle.uasset" 48
"../../../LightsOut/Content/AnimStarterPack/Jog_Rt_Rifle.uasset" 49
"../../../LightsOut/Content/AnimStarterPack/BS_Jog.uasset" 50
"../../../LightsOut/Content/AnimStarterPack/UE4ASP_HeroTPP_AnimBlueprint.uasset" 51
"../../../Engine/Content/Functions/Engine_MaterialFunctions02/Utility/BlendAngleCorrectedNormals.uasset" 52
"../../../Engine/Content/Functions/MaterialLayerFunctions/MatLayerBlend_AO.uasset" 53
"../../../Engine/Content/Functions/MaterialLayerFunctions/MatLayerBlend_NormalBlend.uasset" 54
"../../../Engine/Content/Functions/MaterialLayerFunctions/MatLayerBlend_Simple.uasset" 55
"../../../LightsOut/Content/AnimStarterPack/UE4_Mannequin/Materials/MaterialLayers/T_ML_Rubber_Blue_01_D.uasset" 56
"../../../LightsOut/Content/AnimStarterPack/UE4_Mannequin/Materials/MaterialLayers/T_ML_Rubber_Blue_01_N.uasset" 57
"../../../LightsOut/Content/AnimStarterPack/UE4_Mannequin/Materials/MaterialLayers/ML_GlossyBlack_Latex_UE4.uasset" 58
"../../../LightsOut/Content/AnimStarterPack/UE4_Mannequin/Materials/MaterialLayers/ML_Plastic_Shiny_Beige.uasset" 59
"../../../LightsOut/Content/AnimStarterPack/UE4_Mannequin/Textures/UE4_LOGO_CARD.uasset" 60
"../../../LightsOut/Content/AnimStarterPack/UE4_Mannequin/Materials/MaterialLayers/ML_Plastic_Shiny_Beige_LOGO.uasset" 61
"../../../LightsOut/Content/AnimStarterPack/UE4_Mannequin/Materials/MaterialLayers/T_ML_Aluminum01.uasset" 62
"../../../LightsOut/Content/AnimStarterPack/UE4_Mannequin/Materials/MaterialLayers/T_ML_Aluminum01_N.uasset" 63
"../../../LightsOut/Content/AnimStarterPack/UE4_Mannequin/Materials/MaterialLayers/ML_SoftMetal_UE4.uasset" 64
"../../../LightsOut/Content/AnimStarterPack/UE4_Mannequin/Textures/UE4_Mannequin__normals.uasset" 65
"../../../LightsOut/Content/AnimStarterPack/UE4_Mannequin/Textures/UE4_Mannequin_MAT_MASKA.uasset" 66
"../../../LightsOut/Content/AnimStarterPack/UE4_Mannequin/Textures/UE4_Mannequin_occlusion_Mobile.uasset" 67
"../../../LightsOut/Content/AnimStarterPack/UE4_Mannequin/Materials/M_UE4Man_Body.uasset" 68
"../../../LightsOut/Content/AnimStarterPack/UE4_Mannequin/Textures/UE4Man_Logo_N.uasset" 69
"../../../LightsOut/Content/AnimStarterPack/UE4_Mannequin/Materials/M_UE4Man_ChestLogo.uasset" 70
"../../../LightsOut/Content/Core/PhysMats_FleshDefault.uasset" 71
"../../../LightsOut/Content/Core/PhysMats_FleshVunreable.uasset" 72
"../../../LightsOut/Content/AnimStarterPack/UE4_Mannequin/Mesh/SK_Mannequin_PhysicsAsset.uasset" 73
"../../../LightsOut/Content/AnimStarterPack/UE4_Mannequin/Mesh/SK_Mannequin.uasset" 74
"../../../LightsOut/Content/AnimStarterPack/Ue4ASP_Character.uasset" 75
"../../../LightsOut/Content/AnimStarterPack/Walk_Bwd_Rifle_Ironsights.uasset" 76
"../../../LightsOut/Content/AnimStarterPack/Walk_Lt_Rifle_Ironsights.uasset" 77
"../../../LightsOut/Content/AnimStarterPack/Walk_Rt_Rifle_Ironsights.uasset" 78
"../../../LightsOut/Content/Blueprint/Camerashake_RifleFire.uasset" 79
"../../../LightsOut/Content/WeaponEffects/BasicTracer/Beam.uasset" 80
"../../../LightsOut/Content/WeaponEffects/BasicTracer/M_Beam.uasset" 81
"../../../LightsOut/Content/WeaponEffects/BasicTracer/P_SmokeTrail.uasset" 82
"../../../LightsOut/Content/WeaponEffects/BloodImpact/clouds_dust_detail_01.uasset" 83
"../../../LightsOut/Content/WeaponEffects/BloodImpact/M_blood_cloud_01.uasset" 84
"../../../LightsOut/Content/WeaponEffects/BloodImpact/T_BloodSplatter_Frames01.uasset" 85
"../../../LightsOut/Content/WeaponEffects/BloodImpact/M_blood_splash_01.uasset" 86
"../../../LightsOut/Content/WeaponEffects/BloodImpact/T_BloodSplat_03_SubUV.uasset" 87
"../../../LightsOut/Content/WeaponEffects/BloodImpact/M_blood_splash_03.uasset" 88
"../../../LightsOut/Content/WeaponEffects/BloodImpact/P_blood_splash_02.uasset" 89
"../../../LightsOut/Content/WeaponEffects/GenericImpact/Flare_02.uasset" 90
"../../../LightsOut/Content/WeaponEffects/GenericImpact/M_LensFlare_02.uasset" 91
"../../../LightsOut/Content/WeaponEffects/GenericImpact/T_SparkCore_2X2.uasset" 92
"../../../LightsOut/Content/WeaponEffects/GenericImpact/M_spark_subUV.uasset" 93
"../../../LightsOut/Content/WeaponEffects/GenericImpact/P_RifleImpact.uasset" 94
"../../../LightsOut/Content/WeaponEffects/Muzzle/MuzzleSmokeOne_1024_11x11.uasset" 95
"../../../LightsOut/Content/WeaponEffects/Muzzle/MuzzleFlash_Master.uasset" 96
"../../../LightsOut/Content/WeaponEffects/Muzzle/MuzzleFlash_Master_Inst.uasset" 97
"../../../LightsOut/Content/WeaponEffects/Muzzle/MuzzleTwo_2048_6x6.uasset" 98
"../../../LightsOut/Content/WeaponEffects/Muzzle/MuzzleFlash_Master_Inst_2.uasset" 99
"../../../LightsOut/Content/WeaponEffects/Muzzle/P_Muzzle_Large.uasset" 100
"../../../LightsOut/Content/Weapons/Crosshairs/T_Crosshair_Horizontal_M.uasset" 101
"../../../LightsOut/Content/Weapons/Crosshairs/T_Crosshair_Scanline_M.uasset" 102
"../../../LightsOut/Content/Weapons/Crosshairs/M_Crosshairs_MultiHolo_Scanline.uasset" 103
"../../../LightsOut/Content/Weapons/MagGun_01_N.uasset" 104
"../../../LightsOut/Content/Weapons/M_Weapon01.uasset" 105
"../../../LightsOut/Content/Weapons/MI_Rifle01.uasset" 106
"../../../LightsOut/Content/Weapons/MagGun_02_N.uasset" 107
"../../../LightsOut/Content/Weapons/MI_Rifle02.uasset" 108
"../../../LightsOut/Content/Weapons/SK_Rifle_Skeleton.uasset" 109
"../../../LightsOut/Content/Weapons/SK_Rifle.uasset" 110
"../../../LightsOut/Content/Blueprint/BPRifle.uasset" 111
"../../../LightsOut/Content/AnimStarterPack/UE4_Mannequin/Materials/M_UE4Man_Body1.uasset" 112
"../../../LightsOut/Content/AnimStarterPack/UE4_Mannequin/Materials/M_UE4Man_Body2.uasset" 113
"../../../LightsOut/Content/UI/WBP_Crosshair.uasset" 114
"../../../Engine/Content/EditorBlueprintResources/StandardMacros.uasset" 115
"../../../LightsOut/Content/UI/WBP_EndGame.uasset" 116
"../../../LightsOut/Content/Blueprint/TDGameState.uasset" 117
"../../../LightsOut/Content/UI/WBP_HealthIndicator.uasset" 118
"../../../LightsOut/Content/Blueprint/BPCharacter.uasset" 119
"../../../LightsOut/Content/Blueprint/BP_TestGameMode.uasset" 120
"../../../Engine/Content/BasicShapes/BasicShapeMaterial.uasset" 121
"../../../Engine/Content/Functions/Engine_MaterialFunctions01/Opacity/CameraDepthFade.uasset" 122
"../../../Engine/Content/EngineMaterials/T_Default_Material_Grid_M.uasset" 123
"../../../Engine/Content/EngineMaterials/T_Default_Material_Grid_N.uasset" 124
"../../../Engine/Content/EngineMaterials/DefaultMaterial.uasset" 125
"../../../Engine/Content/BasicShapes/Sphere.uasset" 126
"../../../LightsOut/Content/WeaponEffects/Explosion/T_Burst_M.uasset" 127
"../../../LightsOut/Content/WeaponEffects/Explosion/M_Burst.uasset" 128
"../../../LightsOut/Content/WeaponEffects/Explosion/T_Explosion_SubUV.uasset" 129
"../../../LightsOut/Content/WeaponEffects/Explosion/M_explosion_subUV.uasset" 130
"../../../LightsOut/Content/WeaponEffects/Explosion/m_flare_01.uasset" 131
"../../../Engine/Content/Functions/Engine_MaterialFunctions01/Gradient/RadialGradient.uasset" 132
"../../../LightsOut/Content/WeaponEffects/Explosion/M_radial_ramp.uasset" 133
"../../../LightsOut/Content/WeaponEffects/Explosion/T_Smoke_SubUV.uasset" 134
"../../../LightsOut/Content/WeaponEffects/Explosion/T_Smoke_Tiled_D.uasset" 135
"../../../LightsOut/Content/WeaponEffects/Explosion/M_smoke_subUV.uasset" 136
"../../../LightsOut/Content/WeaponEffects/Explosion/P_Explosion.uasset" 137
"../../../LightsOut/Content/Blueprint/BP_Projectile.uasset" 138
"../../../LightsOut/Content/Weapons/Launcher_01_N.uasset" 139
"../../../LightsOut/Content/Weapons/MI_Launcher01.uasset" 140
"../../../LightsOut/Content/Weapons/Launcher_02_N.uasset" 141
"../../../LightsOut/Content/Weapons/MI_Launcher02.uasset" 142
"../../../LightsOut/Content/Weapons/Launcher_Skeleton.uasset" 143
"../../../LightsOut/Content/Weapons/Launcher.uasset" 144
"../../../LightsOut/Content/Blueprint/RocketLauncher.uasset" 145
"../../../LightsOut/Content/ExplosiveBarrel/M_ExplosiveBarrel.uasset" 146
"../../../LightsOut/Content/ExplosiveBarrel/M_ExplosiveBarrelExploded.uasset" 147
"../../../LightsOut/Content/ExplosiveBarrel/SM_ExplosiveBarrel.uasset" 148
"../../../LightsOut/Content/UI/T_HealthMask.uasset" 149
"../../../LightsOut/Content/UI/M_HealthIndicator.uasset" 150
"../../../LightsOut/Content/WeaponEffects/ShellEject/M_ShellEjectMetal.uasset" 151
"../../../LightsOut/Content/WeaponEffects/ShellEject/SM_ShellEject.uasset" 152
"../../../LightsOut/Content/WeaponEffects/ShellEject/P_Rifle_ShellEject.uasset" 153
"../../../Engine/Content/BasicShapes/Cone.uasset" 154
"../../../Engine/Content/EngineMaterials/WorldGridMaterial.uasset" 155
"../../../Engine/Content/BasicShapes/Cube.uasset" 156
"../../../Engine/Content/BasicShapes/Cylinder.uasset" 157
"../../../Engine/Content/BasicShapes/Plane.uasset" 158
"../../../Engine/Content/EditorLandscapeResources/DataLayer.uasset" 159
"../../../Engine/Content/EditorMaterials/GizmoMaterial.uasset" 160
"../../../Engine/Content/EditorMaterials/MAT_Groups_Toggle.uasset" 161
"../../../Engine/Content/EditorMaterials/MAT_Groups_Visibility.uasset" 162
"../../../Engine/Content/EditorMaterials/PreviewShadowIndicator.uasset" 163
"../../../Engine/Content/EditorMaterials/PreviewShadowIndicatorMaterial.uasset" 164
"../../../Engine/Content/EditorMaterials/AssetViewer/EpicQuadPanorama_CC+EV1.uasset" 165
"../../../Engine/Content/EditorMaterials/MatineeGroups/MAT_ColorTrack.uasset" 166
"../../../Engine/Content/EditorMaterials/MatineeGroups/MAT_Groups_Anim.uasset" 167
"../../../Engine/Content/EditorMaterials/MatineeGroups/MAT_Groups_AudioMaster.uasset" 168
"../../../Engine/Content/EditorMaterials/MatineeGroups/MAT_Groups_Director.uasset" 169
"../../../Engine/Content/EditorMaterials/MatineeGroups/MAT_Groups_Event.uasset" 170
"../../../Engine/Content/EditorMaterials/MatineeGroups/MAT_Groups_Fade.uasset" 171
"../../../Engine/Content/EditorMaterials/MatineeGroups/MAT_Groups_Float.uasset" 172
"../../../Engine/Content/EditorMaterials/MatineeGroups/MAT_Groups_Move.uasset" 173
"../../../Engine/Content/EditorMaterials/MatineeGroups/MAT_Groups_Slomo.uasset" 174
"../../../Engine/Content/EditorMaterials/MatineeGroups/MAT_Groups_Sound.uasset" 175
"../../../Engine/Content/EditorMaterials/MatineeGroups/MAT_Groups_Vector.uasset" 176
"../../../Engine/Content/EditorMaterials/ParticleSystems/PSysThumbnail_NoImage.uasset" 177
"../../../Engine/Content/EditorMaterials/ParticleSystems/PSysThumbnail_OOD.uasset" 178
"../../../Engine/Content/EditorMaterials/Camera/CineMat.uasset" 179
"../../../Engine/Content/EditorMaterials/Camera/MI_CineMat_Rig.uasset" 180
"../../../Engine/Content/EditorMeshes/Camera/SM_CraneRig_Arm.uasset" 181
"../../../Engine/Content/EditorMeshes/Camera/SM_CraneRig_Base.uasset" 182
"../../../Engine/Content/EditorMeshes/Camera/SM_CraneRig_Body.uasset" 183
"../../../Engine/Content/EditorMeshes/Camera/SM_CraneRig_Mount.uasset" 184
"../../../Engine/Content/EditorMeshes/Camera/SM_RailRig_Mount.uasset" 185
"../../../Engine/Content/EditorMeshes/Camera/SM_RailRig_Track.uasset" 186
"../../../Engine/Content/EditorMeshes/ColorCalibrator/M_ChromeBall.uasset" 187
"../../../Engine/Content/EditorMeshes/ColorCalibrator/M_ClearCoat.uasset" 188
"../../../Engine/Content/EditorMeshes/ColorCalibrator/M_ClearCoatBlack.uasset" 189
"../../../Engine/Content/EditorMeshes/ColorCalibrator/T_ColorGrid.uasset" 190
"../../../Engine/Content/EditorMeshes/ColorCalibrator/M_ColorGrid.uasset" 191
"../../../Engine/Content/EditorMeshes/ColorCalibrator/M_GreyBall.uasset" 192
"../../../Engine/Content/EditorMeshes/ColorCalibrator/SM_ColorCalibrator.uasset" 193
"../../../Engine/Content/EditorResources/BSPVertex.uasset" 194
"../../../Engine/Content/EditorResources/EmptyActor.uasset" 195
"../../../Engine/Content/EditorResources/S_Actor.uasset" 196
"../../../Engine/Content/EditorResources/S_Trigger.uasset" 197
"../../../Engine/Content/EditorResources/LightIcons/S_LightError.uasset" 198
"../../../Engine/Content/EditorResources/SequenceRecorder/Countdown.uasset" 199
"../../../Engine/Content/EditorResources/SequenceRecorder/RecordingIndicator.uasset" 200
"../../../Engine/Content/EditorSounds/Notifications/CompileFailed.uasset" 201
"../../../Engine/Content/EditorSounds/Notifications/CompileFailed_Cue.uasset" 202
"../../../Engine/Content/EditorSounds/Notifications/CompileSuccess.uasset" 203
"../../../Engine/Content/EditorSounds/Notifications/CompileStart_Cue.uasset" 204
"../../../Engine/Content/EditorSounds/Notifications/CompileSuccess_Cue.uasset" 205
"../../../Engine/Content/EngineDamageTypes/DmgTypeBP_Environmental.uasset" 206
"../../../Engine/Content/EngineDebugMaterials/HeatmapGradient.uasset" 207
"../../../Engine/Content/EngineDebugMaterials/BoneWeightMaterial.uasset" 208
"../../../Engine/Content/EngineDebugMaterials/ClothMaterial.uasset" 209
"../../../Engine/Content/EngineDebugMaterials/ClothMaterial_WF.uasset" 210
"../../../Engine/Content/EngineDebugMaterials/DebugEditorMaterial.uasset" 211
"../../../Engine/Content/EngineDebugMaterials/DebugMeshMaterial.uasset" 212
"../../../Engine/Content/EngineDebugMaterials/GeomMaterial.uasset" 213
"../../../Engine/Content/EngineFonts/Faces/RobotoBold.uasset" 214
"../../../Engine/Content/EngineFonts/Faces/RobotoBoldItalic.uasset" 215
"../../../Engine/Content/EngineFonts/Faces/RobotoItalic.uasset" 216
"../../../Engine/Content/EngineFonts/Faces/RobotoLight.uasset" 217
"../../../Engine/Content/EngineFonts/Faces/RobotoRegular.uasset" 218
"../../../Engine/Content/EngineFonts/Roboto.uasset" 219
"../../../Engine/Content/EngineFonts/Faces/RobotoTiny.uasset" 220
"../../../Engine/Content/EngineFonts/RobotoTiny.uasset" 221
"../../../Engine/Content/EngineMaterials/DefaultBloomKernel.uasset" 222
"../../../Engine/Content/EngineMaterials/DefaultBokeh.uasset" 223
"../../../Engine/Content/EngineMaterials/DefaultDiffuse.uasset" 224
"../../../Engine/Content/EngineMaterials/DefaultDeferredDecalMaterial.uasset" 225
"../../../Engine/Content/EngineMaterials/DefaultLightFunctionMaterial.uasset" 226
"../../../Engine/Content/EngineMaterials/DefaultPhysicalMaterial.uasset" 227
"../../../Engine/Content/Functions/Engine_MaterialFunctions02/Utility/BreakOutFloat2Components.uasset" 228
"../../../Engine/Content/EngineMaterials/DefaultPostProcessMaterial.uasset" 229
"../../../Engine/Content/EngineFonts/RobotoDistanceField.uasset" 230
"../../../Engine/Content/EngineMaterials/DefaultTextMaterialOpaque.uasset" 231
"../../../Engine/Content/EngineMaterials/DefaultWhiteGrid.uasset" 232
"../../../Engine/Content/EngineMaterials/EditorBrushMaterial.uasset" 233
"../../../Engine/Content/EngineMaterials/Good64x64TilingNoiseHighFreq.uasset" 234
"../../../Engine/Content/EngineMaterials/MiniFont.uasset" 235
"../../../Engine/Content/EngineMaterials/InvalidLightmapSettings.uasset" 236
"../../../Engine/Content/EngineMaterials/M_InvalidLightmapSettings.uasset" 237
"../../../Engine/Content/EngineMaterials/PhAT_JointLimitMaterial.uasset" 238
"../../../Engine/Content/EngineMaterials/PreintegratedSkinBRDF.uasset" 239
"../../../Engine/Content/EngineMaterials/RemoveSurfaceMaterial.uasset" 240
"../../../Engine/Content/EngineMaterials/WeightMapPlaceholderTexture.uasset" 241
"../../../Engine/Content/EngineResources/WhiteSquareTexture.uasset" 242
"../../../Engine/Content/EngineMaterials/Widget3DPassThrough.uasset" 243
"../../../Engine/Content/EngineMaterials/Widget3DPassThrough_Masked.uasset" 244
"../../../Engine/Content/EngineMaterials/Widget3DPassThrough_Opaque.uasset" 245
"../../../Engine/Content/EngineMaterials/Widget3DPassThrough_Masked_OneSided.uasset" 246
"../../../Engine/Content/EngineMaterials/Widget3DPassThrough_Opaque_OneSided.uasset" 247
"../../../Engine/Content/EngineMaterials/Widget3DPassThrough_Translucent.uasset" 248
"../../../Engine/Content/EngineMaterials/Widget3DPassThrough_Translucent_OneSided.uasset" 249
"../../../Engine/Content/EngineMeshes/Cube.uasset" 250
"../../../Engine/Content/EngineMeshes/Cylinder.uasset" 251
"../../../Engine/Content/EngineMeshes/Sphere.uasset" 252
"../../../Engine/Content/EngineResources/Black.uasset" 253
"../../../Engine/Content/EngineResources/DefaultTexture.uasset" 254
"../../../Engine/Content/EngineResources/DefaultTextureCube.uasset" 255
"../../../Engine/Content/EngineResources/GradientTexture0.uasset" 256
"../../../Engine/Content/EngineSounds/Master.uasset" 257
"../../../Engine/Content/Functions/Engine_MaterialFunctions01/Shading/ConvertFromDiffSpec.uasset" 258
"../../../Engine/Content/Functions/Engine_MaterialFunctions01/Shading/PowerToRoughness.uasset" 259
"../../../Engine/Content/Maps/Templates/Thumbnails/Default.uasset" 260
"../../../Engine/Content/Maps/Templates/Thumbnails/VR-Basic.uasset" 261
"../../../Engine/Content/MobileResources/T_MobileControls_texture.uasset" 262
"../../../Engine/Content/MobileResources/T_MobileMenu2.uasset" 263
"../../../Engine/Content/MobileResources/HUD/AnalogHat.uasset" 264
"../../../Engine/Content/MobileResources/HUD/VirtualJoystick_Background.uasset" 265
"../../../Engine/Content/MobileResources/HUD/VirtualJoystick_Thumb.uasset" 266
"../../../Engine/Content/MobileResources/HUD/DefaultVirtualJoysticks.uasset" 267
"../../../Engine/Content/MobileResources/HUD/LeftVirtualJoystickOnly.uasset" 268
"../../../Engine/Content/MobileResources/HUD/MobileHUDButton1_off.uasset" 269
"../../../Engine/Content/MobileResources/HUD/MobileHUDButton1_on.uasset" 270
"../../../Engine/Content/MobileResources/HUD/MobileHUDButton2_off.uasset" 271
"../../../Engine/Content/MobileResources/HUD/MobileHUDButton2_on.uasset" 272
"../../../Engine/Content/MobileResources/HUD/MobileHUDButton3.uasset" 273
"../../../Engine/Content/MobileResources/HUD/MobileHUDButtonFire.uasset" 274
"../../../Engine/Content/MobileResources/HUD/MobileHUDDirectionPad.uasset" 275
"../../../Engine/Content/MobileResources/HUD/MobileHUDDirectionPad2.uasset" 276
"../../../Engine/Content/MobileResources/HUD/MobileHUDDirectionPad3.uasset" 277
"../../../Engine/Content/MobileResources/HUD/MobileHUDDirectionStick.uasset" 278
"../../../Engine/Content/MobileResources/HUD/T_Castle_ThumbstickInner.uasset" 279
"../../../Engine/Content/MobileResources/HUD/T_Castle_ThumbstickOutter.uasset" 280
"../../../Engine/Content/Tutorial/ContentIntroCurve.uasset" 281
"../../../Engine/Content/Tutorial/Basics/TutorialAssets/icon_tab_Levels_40x.uasset" 282
"../../../Engine/Content/Tutorial/BlueprintTutorials/TutorialAssets/BlueprintInterface_64x.uasset" 283
"../../../Engine/Content/Tutorial/BlueprintTutorials/TutorialAssets/BlueprintMacroLibrary_64x.uasset" 284
"../../../Engine/Content/Tutorial/BlueprintTutorials/TutorialAssets/Blueprint_64x.uasset" 285
"../../../Engine/Content/Tutorial/BlueprintTutorials/TutorialAssets/Tutorial_BP_Interface.uasset" 286
"../../../Engine/Content/Tutorial/Foliage/TutorialAssets/Foliage.uasset" 287
"../../../Engine/Content/Tutorial/Landscape/TutorialAssets/Landscape.uasset" 288
"../../../Engine/Content/Tutorial/Paper2D/TutorialAssets/Paper2DFlipbook_TutorialIcon.uasset" 289
"../../../Engine/Content/Tutorial/Paper2D/TutorialAssets/Paper2DSprite_TutorialIcon.uasset" 290
"../../../Engine/Content/Tutorial/SubEditors/TutorialAssets/icon_Editor_Preferences_General_40x.uasset" 291
"../../../Engine/Content/Tutorial/SubEditors/TutorialAssets/icon_ShowSkeletalMeshes_40x.uasset" 292
"../../../Engine/Content/Tutorial/SubEditors/TutorialAssets/TutorialMaterial.uasset" 293
"../../../Engine/Content/Tutorial/SubEditors/TutorialAssets/T_SmokeSubUV_8X8.uasset" 294
"../../../Engine/Content/Tutorial/SubEditors/TutorialAssets/T_soft_smoke.uasset" 295
"../../../Engine/Content/Tutorial/SubEditors/TutorialAssets/M_smoke_subUV_blackbody.uasset" 296
"../../../Engine/Content/Tutorial/SubEditors/TutorialAssets/TutorialParticleSystem.uasset" 297
"../../../Engine/Content/EditorMeshes/EditorCube.uasset" 298
"../../../Engine/Content/Tutorial/SubEditors/TutorialAssets/Tutorial_DM.uasset" 299
"../../../Engine/Content/VREditor/Devices/Generic/GenericHMDMaterial.uasset" 300
"../../../Engine/Content/VREditor/Devices/Generic/GenericHMD.uasset" 301
"../../../Engine/Content/VREditor/FloatingText/LineMaterial.uasset" 302
"../../../Engine/Content/VREditor/FloatingText/JointSphere.uasset" 303
"../../../Engine/Content/VREditor/FloatingText/LineSegmentCylinder.uasset" 304
"../../../Engine/Content/VREditor/Fonts/VRText_RobotoLarge.uasset" 305
"../../../Engine/Content/VREditor/Fonts/VRTextMaterial.uasset" 306
"../../../Engine/Content/VREditor/Fonts/TranslucentVRTextMaterial.uasset" 307
"../../../Engine/Content/VREditor/LaserPointer/CursorPointer.uasset" 308
"../../../Engine/Content/VREditor/LaserPointer/VR_LaserPower_01.uasset" 309
"../../../Engine/Content/VREditor/TransformGizmo/TransformGizmoMaterial.uasset" 310
"../../../Engine/Content/VREditor/LaserPointer/HoverMaterial.uasset" 311
"../../../Engine/Content/VREditor/TransformGizmo/TranslucentTransformGizmoMaterial.uasset" 312
"../../../Engine/Content/VREditor/LaserPointer/TranslucentHoverMaterial.uasset" 313
"../../../Engine/Content/VREditor/LaserPointer/HoverMesh.uasset" 314
"../../../Engine/Content/VREditor/LaserPointer/LaserPointerMaterial.uasset" 315
"../../../Engine/Content/VREditor/LaserPointer/LaserPointerMaterialInst.uasset" 316
"../../../Engine/Content/VREditor/LaserPointer/TranslucentLaserPointerMaterialInst.uasset" 317
"../../../Engine/Content/VREditor/LaserPointer/LaserPointerMesh.uasset" 318
"../../../Engine/Content/VREditor/LaserPointer/LaserPointerMesh_End.uasset" 319
"../../../Engine/Content/VREditor/LaserPointer/LaserPointerMesh_Start.uasset" 320
"../../../Engine/Content/Functions/Engine_MaterialFunctions02/Utility/BreakOutFloat3Components.uasset" 321
"../../../Engine/Content/Functions/Engine_MaterialFunctions02/Math/Transform3x3Matrix.uasset" 322
"../../../Engine/Content/Functions/Engine_MaterialFunctions02/SplitComponents.uasset" 323
"../../../Engine/Content/Functions/Engine_MaterialFunctions02/Utility/MakeFloat3.uasset" 324
"../../../Engine/Content/VREditor/SnapGrid/SnapGridMaterial.uasset" 325
"../../../Engine/Content/VREditor/SnapGrid/SnapGridPlaneMesh.uasset" 326
"../../../Engine/Content/VREditor/Sounds/VR_teleport.uasset" 327
"../../../Engine/Content/VREditor/Sounds/UI/Click_on_Button_Cue.uasset" 328
"../../../Engine/Content/VREditor/Sounds/UI/Dockable_Window_Close.uasset" 329
"../../../Engine/Content/VREditor/Sounds/UI/Dockable_Window_Drop.uasset" 330
"../../../Engine/Content/VREditor/Sounds/UI/Dockable_Window_Open.uasset" 331
"../../../Engine/Content/VREditor/Sounds/UI/Dockable_Window_Pick_Up.uasset" 332
"../../../Engine/Content/VREditor/Sounds/UI/Drop_Item_From_ContentBrowser.uasset" 333
"../../../Engine/Content/VREditor/Sounds/UI/Floating_UI_Open-001.uasset" 334
"../../../Engine/Content/VREditor/Sounds/UI/Gizmo_Handle_Clicked.uasset" 335
"../../../Engine/Content/VREditor/Sounds/UI/Object_PickUp.uasset" 336
"../../../Engine/Content/VREditor/Sounds/UI/Object_Snaps_To_Another_Actor.uasset" 337
"../../../Engine/Content/VREditor/Sounds/UI/Object_Snaps_To_Grid.uasset" 338
"../../../Engine/Content/VREditor/Sounds/UI/Radial_Menu_FadeOut.uasset" 339
"../../../Engine/Content/VREditor/Sounds/UI/Scaling_Down.uasset" 340
"../../../Engine/Content/VREditor/Sounds/UI/Scaling_Up.uasset" 341
"../../../Engine/Content/VREditor/Sounds/UI/Selection_Changes.uasset" 342
"../../../Engine/Content/VREditor/Sounds/UI/Teleport_Mode_Entered.uasset" 343
"../../../Engine/Content/VREditor/Teleport/TeleportDirectionMaterial.uasset" 344
"../../../Engine/Content/VREditor/Teleport/TeleportDirectionMaterial_Inst.uasset" 345
"../../../Engine/Content/VREditor/Teleport/TeleportDirectionMesh.uasset" 346
"../../../Engine/Content/VREditor/TransformGizmo/BoundingBoxCorner.uasset" 347
"../../../Engine/Content/VREditor/TransformGizmo/BoundingBoxEdge.uasset" 348
"../../../Engine/Content/VREditor/TransformGizmo/PlaneTranslationHandle.uasset" 349
"../../../Engine/Content/VREditor/TransformGizmo/RotationHandleFull.uasset" 350
"../../../Engine/Content/VREditor/TransformGizmo/RotationHandleIndicator.uasset" 351
"../../../Engine/Content/VREditor/TransformGizmo/RotationHandleQuarter.uasset" 352
"../../../Engine/Content/VREditor/TransformGizmo/Main.uasset" 353
"../../../Engine/Content/VREditor/TransformGizmo/Xray.uasset" 354
"../../../Engine/Content/VREditor/TransformGizmo/SM_Dialog_Close.uasset" 355
"../../../Engine/Content/VREditor/TransformGizmo/SM_Dialog_Move.uasset" 356
"../../../Engine/Content/VREditor/TransformGizmo/SM_Sequencer_Key.uasset" 357
"../../../Engine/Content/VREditor/TransformGizmo/StartRotationHandleIndicator.uasset" 358
"../../../Engine/Content/VREditor/TransformGizmo/TranslucentTransformGizmoMaterial_Inst.uasset" 359
"../../../Engine/Content/VREditor/TransformGizmo/TransformGizmoFreeRotation.uasset" 360
"../../../Engine/Content/VREditor/TransformGizmo/TransformGizmoMaterial_Inst.uasset" 361
"../../../Engine/Content/VREditor/TransformGizmo/TranslateArrowHandle.uasset" 362
"../../../Engine/Content/VREditor/TransformGizmo/UniformScaleHandle.uasset" 363
"../../../Engine/Content/VREditor/UI/KeyDiskMaterial.uasset" 364
"../../../Engine/Content/VREditor/UI/DiscMaterial.uasset" 365
"../../../Engine/Content/VREditor/UI/SM_Radial_Disk.uasset" 366
"../../../Engine/Content/VREditor/WorldMovementGrid/SimpleGrid.uasset" 367
"../../../Engine/Content/VREditor/WorldMovementGrid/GridMaterial.uasset" 368
"../../../Engine/Content/Functions/Engine_MaterialFunctions01/Density/ExponentialDensity.uasset" 369
"../../../Engine/Content/VREditor/WorldMovementGrid/GridPostProcess.uasset" 370
"../../../Engine/Content/EditorLandscapeResources/FlattenHeightMat.uasset" 371
"../../../Engine/Content/VREditor/WorldMovementGrid/PlaneMesh.uasset" 372
"../../../Engine/Plugins/2D/Paper2D/Content/PlaceholderTextures/DummySpriteTexture.uasset" 373
"../../../Engine/Plugins/2D/Paper2D/Content/DummySprite.uasset" 374
"../../../Engine/Plugins/2D/Paper2D/Content/DefaultPaperTerrainMaterial.uasset" 375
"../../../Engine/Plugins/2D/Paper2D/Content/DefaultSpriteMaterial.uasset" 376
"../../../Engine/Plugins/2D/Paper2D/Content/MaskedUnlitSpriteMaterial.uasset" 377
"../../../Engine/Plugins/2D/Paper2D/Content/OpaqueUnlitSpriteMaterial.uasset" 378
"../../../Engine/Plugins/Runtime/Oculus/OculusVR/Content/Textures/GearVRController_AO.uasset" 379
"../../../Engine/Plugins/Runtime/Oculus/OculusVR/Content/Textures/GearVRController_Color.uasset" 380
"../../../Engine/Plugins/Runtime/Oculus/OculusVR/Content/Textures/GearVRController_Normal.uasset" 381
"../../../Engine/Plugins/Runtime/Oculus/OculusVR/Content/Materials/GearVRControllerMaterial.uasset" 382
"../../../Engine/Plugins/Runtime/Oculus/OculusVR/Content/Meshes/GearVrController.uasset" 383
"../../../LightsOut/Content/Blueprints/MyGameInstance.uasset" 384
"../../../LightsOut/Content/UI/WBP_MainMenu.uasset" 385
"../../../LightsOut/Content/UI/MainMenuCharacter.uasset" 386
"../../../LightsOut/Content/Blueprints/MainMenuGameMode.uasset" 387
"../../../LightsOut/Content/Maps/MainMenu.umap" 388
"../../../Engine/Content/EngineSky/C_Sky_Cloud_Color.uasset" 389
"../../../Engine/Content/EngineSky/C_Sky_Horizon_Color.uasset" 390
"../../../Engine/Content/EngineSky/C_Sky_Zenith_Color.uasset" 391
"../../../Engine/Content/EngineSky/T_Sky_Blue.uasset" 392
"../../../Engine/Content/EngineSky/T_Sky_Clouds_M.uasset" 393
"../../../Engine/Content/EngineSky/T_Sky_Stars.uasset" 394
"../../../Engine/Content/EngineSky/M_Sky_Panning_Clouds2.uasset" 395
"../../../Engine/Content/EngineSky/SM_SkySphere.uasset" 396
"../../../Engine/Content/EngineSky/BP_Sky_Sphere.uasset" 397
"../../../LightsOut/Content/Blueprint/BP_TargetDummy.uasset" 398
"../../../LightsOut/Content/Blueprint/Spawn.uasset" 399
"../../../LightsOut/Content/Blueprint/TestPlayerController.uasset" 400
"../../../LightsOut/Content/Blueprint/TeamDeathMatch.uasset" 401
"../../../LightsOut/Content/Maps/Test_BuiltData.uasset" 402
"../../../Engine/Content/MapTemplates/SM_Template_Map_Floor.uasset" 403
"../../../LightsOut/Content/Maps/Test.umap" 404
"../../../LightsOut/Content/AnimStarterPack/Crouch_Idle_Rifle_Ironsights.uasset" 405
"../../../LightsOut/Content/AnimStarterPack/Crouch_Walk_Fwd_Rifle_Ironsights.uasset" 406
"../../../LightsOut/Content/AnimStarterPack/Equip_Pistol_Standing.uasset" 407
"../../../LightsOut/Content/AnimStarterPack/Fire_Rifle_Ironsights.uasset" 408
"../../../LightsOut/Content/AnimStarterPack/Hit_React_1.uasset" 409
"../../../LightsOut/Content/AnimStarterPack/Hit_React_2.uasset" 410
"../../../LightsOut/Content/AnimStarterPack/Hit_React_3.uasset" 411
"../../../LightsOut/Content/AnimStarterPack/Idle_Rifle_Hip_Break1.uasset" 412
"../../../LightsOut/Content/AnimStarterPack/Idle_Rifle_Hip_Break2.uasset" 413
"../../../LightsOut/Content/AnimStarterPack/Reload_Rifle_Hip.uasset" 414
"../../../LightsOut/Content/AnimStarterPack/Walk_Fwd_Rifle_Ironsights.uasset" 415
"../../../Engine/Content/TemplateResources/M_Template_Master.uasset" 416
"../../../Engine/Content/TemplateResources/MI_Template_BaseGray_03_Metal.uasset" 417
"../../../LightsOut/Content/AnimStarterPack/Showcase.umap" 418
"../../../Engine/Content/Maps/Entry.umap" 419
